<?xml version="1.0" encoding="UTF-8"?>
<!-- Generated by org.testng.reporters.JUnitReportReporter -->
<testsuite hostname="DESKTOP-FE9I4DB" failures="0" tests="1" name="com.kite.TestClasses.TC03AddFundFunctionality" time="49.129" errors="0" timestamp="2022-04-30T00:36:15 IST" skipped="0">
  <testcase classname="com.kite.TestClasses.TC03AddFundFunctionality" name="verifyAddFundFunctionality" time="49.129"/>
  <system-out/>
</testsuite> <!-- com.kite.TestClasses.TC03AddFundFunctionality -->
