<?xml version="1.0" encoding="UTF-8"?>
<!-- Generated by org.testng.reporters.JUnitReportReporter -->
<testsuite hostname="DESKTOP-FE9I4DB" failures="0" tests="1" name="com.kite.TestClasses.TC02Logoutfunctionality" time="23.514" errors="0" timestamp="2022-04-27T00:58:28 IST" skipped="0">
  <testcase classname="com.kite.TestClasses.TC02Logoutfunctionality" name="verifyLogoutFunctionlity" time="23.514"/>
  <system-out/>
</testsuite> <!-- com.kite.TestClasses.TC02Logoutfunctionality -->
