<?xml version="1.0" encoding="UTF-8"?>
<!-- Generated by org.testng.reporters.JUnitReportReporter -->
<testsuite hostname="DESKTOP-FE9I4DB" failures="0" tests="1" name="com.kite.TestClasses.TC03AddFundFunctionality" time="16.484" errors="0" timestamp="2022-04-27T23:52:41 IST" skipped="0">
  <testcase classname="com.kite.TestClasses.TC03AddFundFunctionality" name="verifyAddFundFunctionality" time="16.484"/>
  <system-out/>
</testsuite> <!-- com.kite.TestClasses.TC03AddFundFunctionality -->
